<?xml version="1.0" encoding="UTF-8"?>
<!-- Generated by org.testng.reporters.JUnitXMLReporter -->
<testsuite hostname="MSI" ignored="1" name="Test" tests="3" failures="0" timestamp="2023-01-15T19:01:11 IST" time="150.984" errors="0">
  <testcase name="checkBoxDemo" time="47.215" classname="tests.SuiteTwo"/>
  <testcase name="checkBoxDemo" time="43.31" classname="tests.SuiteTwo"/>
  <testcase name="checkBoxDemo" time="39.429" classname="tests.SuiteTwo"/>
  <testcase name="test2" time="0.0" classname="tests.SuiteTwo">
    <ignored/>
  </testcase> <!-- test2 -->
</testsuite> <!-- Test -->
