<?xml version="1.0" encoding="UTF-8"?>
<!-- Generated by org.testng.reporters.JUnitXMLReporter -->
<testsuite hostname="MSI" ignored="1" name="Test" tests="2" failures="0" timestamp="2023-01-14T20:00:42 IST" time="107.862" errors="0">
  <testcase name="checkBoxDemo" time="48.061" classname="tests.SuiteTwo"/>
  <testcase name="checkBoxDemo" time="44.747" classname="tests.SuiteTwo"/>
  <testcase name="test2" time="0.0" classname="tests.SuiteTwo">
    <ignored/>
  </testcase> <!-- test2 -->
</testsuite> <!-- Test -->
