<?xml version="1.0" encoding="UTF-8"?>
<testsuite xmlns:xsi="http://www.w3.org/2001/XMLSchema-instance" xsi:noNamespaceSchemaLocation="https://maven.apache.org/surefire/maven-surefire-plugin/xsd/surefire-test-report-3.0.xsd" version="3.0" name="TestSuite" time="108.633" tests="2" errors="0" skipped="0" failures="0">
  <properties>
[...]
</properties>
  <testcase name="checkBoxDemo[Rs. 899, S](1)" classname="tests.SuiteTwo" time="48.064">
    <system-out><![CDATA[baseUrl: https://www.myntra.com/
browserType: chrome
Entered 'Computer' keyword in search box.
Navigation through prodult list
On last page
Select 'Men' category using radio button.
Current child window has Window title :Buy Lenskart Blu Unisex Transparent & Gunmetal Toned Blue Light Block Computer Glasses 151497 - Frames for Unisex 18796650 | Myntra
]]></system-out>
    <system-err><![CDATA[SLF4J: No SLF4J providers were found.
SLF4J: Defaulting to no-operation (NOP) logger implementation
SLF4J: See https://www.slf4j.org/codes.html#noProviders for further details.
Starting ChromeDriver 108.0.5359.71 (1e0e3868ee06e91ad636a874420e3ca3ae3756ac-refs/branch-heads/5359@{#1016}) on port 48931
Only local connections are allowed.
Please see https://chromedriver.chromium.org/security-considerations for suggestions on keeping ChromeDriver safe.
ChromeDriver was started successfully.
]]></system-err>
  </testcase>
  <testcase name="checkBoxDemo[Rs. 899, S](2)" classname="tests.SuiteTwo" time="44.747">
    <system-out><![CDATA[baseUrl: https://www.myntra.com/
browserType: chrome
Entered 'Computer' keyword in search box.
Navigation through prodult list
On last page
Select 'Men' category using radio button.
Current child window has Window title :Buy Lenskart Blu Unisex Transparent & Gunmetal Toned Blue Light Block Computer Glasses 151497 - Frames for Unisex 18796650 | Myntra
]]></system-out>
    <system-err><![CDATA[Starting ChromeDriver 108.0.5359.71 (1e0e3868ee06e91ad636a874420e3ca3ae3756ac-refs/branch-heads/5359@{#1016}) on port 41637
Only local connections are allowed.
Please see https://chromedriver.chromium.org/security-considerations for suggestions on keeping ChromeDriver safe.
ChromeDriver was started successfully.
]]></system-err>
  </testcase>
</testsuite>